<?xml version="1.0" encoding="UTF-8"?>
<!-- Generated by org.testng.reporters.JUnitXMLReporter -->
<testsuite ignored="0" hostname="DESKTOP-NMCJF92" failures="0" tests="5" name="Default test" time="2.089" errors="0" timestamp="2021-10-29T14:43:17 EDT">
  <testcase classname="net.testfire.demo.SeleniumTest" name="navToLogin" time="0.602"/>
  <testcase classname="net.testfire.demo.SeleniumTest" name="login" time="0.288"/>
  <testcase classname="net.testfire.demo.SeleniumTest" name="accountSummary" time="0.333"/>
  <testcase classname="net.testfire.demo.SeleniumTest" name="recentTransacations" time="0.124"/>
  <testcase classname="net.testfire.demo.SeleniumTest" name="transferFunds" time="0.712"/>
</testsuite> <!-- Default test -->
