<?xml version="1.0" encoding="UTF-8"?>
<testng-results ignored="0" total="5" passed="5" failed="0" skipped="0">
  <reporter-output>
  </reporter-output>
  <suite started-at="2021-10-29T14:43:15 EDT" name="Default suite" finished-at="2021-10-29T14:43:17 EDT" duration-ms="2089">
    <groups>
    </groups>
    <test started-at="2021-10-29T14:43:15 EDT" name="Default test" finished-at="2021-10-29T14:43:17 EDT" duration-ms="2089">
      <class name="net.testfire.demo.SeleniumTest">
        <test-method is-config="true" signature="setup()[pri:0, instance:net.testfire.demo.SeleniumTest@48f278eb]" started-at="2021-10-29T14:43:13 EDT" name="setup" finished-at="2021-10-29T14:43:15 EDT" duration-ms="1627" status="PASS">
          <reporter-output>
          </reporter-output>
        </test-method> <!-- setup -->
        <test-method signature="navToLogin()[pri:0, instance:net.testfire.demo.SeleniumTest@48f278eb]" started-at="2021-10-29T14:43:15 EDT" name="navToLogin" finished-at="2021-10-29T14:43:16 EDT" duration-ms="602" status="PASS">
          <reporter-output>
          </reporter-output>
        </test-method> <!-- navToLogin -->
        <test-method signature="login()[pri:1, instance:net.testfire.demo.SeleniumTest@48f278eb]" started-at="2021-10-29T14:43:16 EDT" name="login" finished-at="2021-10-29T14:43:16 EDT" duration-ms="288" status="PASS">
          <reporter-output>
          </reporter-output>
        </test-method> <!-- login -->
        <test-method signature="accountSummary()[pri:2, instance:net.testfire.demo.SeleniumTest@48f278eb]" started-at="2021-10-29T14:43:16 EDT" name="accountSummary" finished-at="2021-10-29T14:43:16 EDT" duration-ms="333" status="PASS">
          <reporter-output>
          </reporter-output>
        </test-method> <!-- accountSummary -->
        <test-method signature="recentTransacations()[pri:3, instance:net.testfire.demo.SeleniumTest@48f278eb]" started-at="2021-10-29T14:43:16 EDT" name="recentTransacations" finished-at="2021-10-29T14:43:16 EDT" duration-ms="124" status="PASS">
          <reporter-output>
          </reporter-output>
        </test-method> <!-- recentTransacations -->
        <test-method signature="transferFunds()[pri:4, instance:net.testfire.demo.SeleniumTest@48f278eb]" started-at="2021-10-29T14:43:16 EDT" name="transferFunds" finished-at="2021-10-29T14:43:17 EDT" duration-ms="712" status="PASS">
          <reporter-output>
          </reporter-output>
        </test-method> <!-- transferFunds -->
        <test-method is-config="true" signature="teardown()[pri:0, instance:net.testfire.demo.SeleniumTest@48f278eb]" started-at="2021-10-29T14:43:17 EDT" name="teardown" finished-at="2021-10-29T14:43:17 EDT" duration-ms="135" status="PASS">
          <reporter-output>
          </reporter-output>
        </test-method> <!-- teardown -->
      </class> <!-- net.testfire.demo.SeleniumTest -->
    </test> <!-- Default test -->
  </suite> <!-- Default suite -->
</testng-results>
